<?xml version="1.0" encoding="UTF-8"?>
<testng-results ignored="0" total="1" passed="1" failed="0" skipped="0">
  <reporter-output>
  </reporter-output>
  <suite started-at="2025-08-06T20:15:00 IST" name="Default suite" finished-at="2025-08-06T20:15:09 IST" duration-ms="9665">
    <groups>
    </groups>
    <test started-at="2025-08-06T20:15:00 IST" name="Default test" finished-at="2025-08-06T20:15:09 IST" duration-ms="9665">
      <class name="oAuth_API2_SD">
        <test-method signature="testOAuthAPI()[pri:0, instance:oAuth_API2_SD@7d8995e]" started-at="2025-08-06T20:15:00 IST" name="testOAuthAPI" finished-at="2025-08-06T20:15:09 IST" duration-ms="9526" status="PASS">
          <reporter-output>
          </reporter-output>
        </test-method> <!-- testOAuthAPI -->
      </class> <!-- oAuth_API2_SD -->
    </test> <!-- Default test -->
  </suite> <!-- Default suite -->
</testng-results>
